Added Component: Designator=C1(FP-CC0805-0_85-MFG)
Add component (AddParameter): Name = "Automotive"; Value = "No"; VariantName = "[No Variations]"
Add component (AddParameter): Name = "Capacitance"; Value = "330 nF"; VariantName = "[No Variations]"
Add component (AddParameter): Name = "Category"; Value = "Cap"; VariantName = "[No Variations]"
Add component (AddParameter): Name = "ComponentLink2Description"; Value = "Datasheet"; VariantName = "[No Variations]"
Add component (AddParameter): Name = "ComponentLink2URL"; Value = "http://www.yageo.com/documents/recent/UPY-GPHC_Y5V_6.3V-to-50V_8.pdf"; VariantName = "[No Variations]"
Add component (AddParameter): Name = "Device Class L1"; Value = "Passive Components"; VariantName = "[No Variations]"
Add component (AddParameter): Name = "Device Class L2"; Value = "Capacitors"; VariantName = "[No Variations]"
Add component (AddParameter): Name = "Device Class L3"; Value = "Ceramic Capacitors"; VariantName = "[No Variations]"
Add component (AddParameter): Name = "Digikey Description"; Value = "Surface Mount Ceramic Multilayer Capacitor 0.33uF 10% X7R 16V 0805 Blister T/R"; VariantName = "[No Variations]"
Add component (AddParameter): Name = "Footprint Url"; Value = "http://www.yageo.com/exep/pages/download/literatures/UPY-C_GEN_24.pdf"; VariantName = "[No Variations]"
Add component (AddParameter): Name = "Height"; Value = "0.95mm"; VariantName = "[No Variations]"
Add component (AddParameter): Name = "Ipc Land Pattern Name"; Value = "CAPC200125X85"; VariantName = "[No Variations]"
Add component (AddParameter): Name = "Lead Free"; Value = "Yes"; VariantName = "[No Variations]"
Add component (AddParameter): Name = "Manufacturer"; Value = "Yageo"; VariantName = "[No Variations]"
Add component (AddParameter): Name = "Manufacturer Part Number"; Value = "CC0805KKX7R7BB334"; VariantName = "[No Variations]"
Add component (AddParameter): Name = "Material"; Value = "Ceramic"; VariantName = "[No Variations]"
Add component (AddParameter): Name = "Mouser Description"; Value = "Multilayer Ceramic Capacitors MLCC - SMD/SMT 330nF 16V X7R 10%"; VariantName = "[No Variations]"
Add component (AddParameter): Name = "Octopart"; Value = "https://octopart.com/cc0805kkx7r7bb334-yageo-42334127"; VariantName = "[No Variations]"
Add component (AddParameter): Name = "Package"; Value = "CC0805-0.85"; VariantName = "[No Variations]"
Add component (AddParameter): Name = "RoHS"; Value = "TRUE"; VariantName = "[No Variations]"
Add component (AddParameter): Name = "Temperature"; Value = "-30°C to +85°C"; VariantName = "[No Variations]"
Add component (AddParameter): Name = "Temperature Characteristic"; Value = "X7R"; VariantName = "[No Variations]"
Add component (AddParameter): Name = "Temperature Range High"; Value = "+85°C"; VariantName = "[No Variations]"
Add component (AddParameter): Name = "Temperature Range Low"; Value = "-30°C"; VariantName = "[No Variations]"
Add component (AddParameter): Name = "Tolerance"; Value = "0.1"; VariantName = "[No Variations]"
Add component (AddParameter): Name = "Value"; Value = "330 nF"; VariantName = "[No Variations]"
Add component (AddParameter): Name = "Voltage Rating"; Value = "16 V"; VariantName = "[No Variations]"
Added Component: Designator=C2(CAPC2013X95X45NL10T25)
Add component (AddParameter): Name = "Manufacturer"; Value = "Murata"; VariantName = "[No Variations]"
Add component (AddParameter): Name = "Part Number"; Value = "GRM219R71H333KA01D"; VariantName = "[No Variations]"
Added Component: Designator=C3(FP-C0805C-DN-MFG)
Add component (AddParameter): Name = "Automotive"; Value = "No"; VariantName = "[No Variations]"
Add component (AddParameter): Name = "Capacitance"; Value = "3,300 pF"; VariantName = "[No Variations]"
Add component (AddParameter): Name = "Category"; Value = "Cap"; VariantName = "[No Variations]"
Add component (AddParameter): Name = "ComponentLink2Description"; Value = "Datasheet"; VariantName = "[No Variations]"
Add component (AddParameter): Name = "ComponentLink2URL"; Value = "https://content.kemet.com/datasheets/KEM_C1003_C0G_SMD.pdf"; VariantName = "[No Variations]"
Add component (AddParameter): Name = "Device Class L1"; Value = "Passive Components"; VariantName = "[No Variations]"
Add component (AddParameter): Name = "Device Class L2"; Value = "Capacitors"; VariantName = "[No Variations]"
Add component (AddParameter): Name = "Device Class L3"; Value = "Ceramic Capacitors"; VariantName = "[No Variations]"
Add component (AddParameter): Name = "Digikey Description"; Value = "CAP CER 3300PF 50V X7R 0805"; VariantName = "[No Variations]"
Add component (AddParameter): Name = "Height"; Value = "0.88mm"; VariantName = "[No Variations]"
Add component (AddParameter): Name = "Ipc Land Pattern Name"; Value = "CAPC200125X78"; VariantName = "[No Variations]"
Add component (AddParameter): Name = "Lead Free"; Value = "Yes"; VariantName = "[No Variations]"
Add component (AddParameter): Name = "Manufacturer"; Value = "KEMET"; VariantName = "[No Variations]"
Add component (AddParameter): Name = "Manufacturer Part Number"; Value = "C0805C332K5RACTU"; VariantName = "[No Variations]"
Add component (AddParameter): Name = "Material"; Value = "Ceramic"; VariantName = "[No Variations]"
Add component (AddParameter): Name = "Mouser Description"; Value = "Multilayer Ceramic Capacitors MLCC - SMD/SMT 50volts 3300pF X7R 10%"; VariantName = "[No Variations]"
Add component (AddParameter): Name = "Octopart"; Value = "https://octopart.com/c0805c332k5ractu-kemet-90782"; VariantName = "[No Variations]"
Add component (AddParameter): Name = "Package"; Value = "C0805C-DN"; VariantName = "[No Variations]"
Add component (AddParameter): Name = "RoHS"; Value = "TRUE"; VariantName = "[No Variations]"
Add component (AddParameter): Name = "Temperature"; Value = "-55°C to +125°C"; VariantName = "[No Variations]"
Add component (AddParameter): Name = "Temperature Characteristic"; Value = "X7R"; VariantName = "[No Variations]"
Add component (AddParameter): Name = "Temperature Coefficient"; Value = "30ppm/°C"; VariantName = "[No Variations]"
Add component (AddParameter): Name = "Temperature Range High"; Value = "+125°C"; VariantName = "[No Variations]"
Add component (AddParameter): Name = "Temperature Range Low"; Value = "-55°C"; VariantName = "[No Variations]"
Add component (AddParameter): Name = "Tolerance"; Value = "0.1"; VariantName = "[No Variations]"
Add component (AddParameter): Name = "Value"; Value = "3,300 pF"; VariantName = "[No Variations]"
Add component (AddParameter): Name = "Voltage Rating"; Value = "50 V"; VariantName = "[No Variations]"
Added Component: Designator=C4(FP-C0805C-DN-MFG)
Add component (AddParameter): Name = "Automotive"; Value = "No"; VariantName = "[No Variations]"
Add component (AddParameter): Name = "Capacitance"; Value = "330 pF"; VariantName = "[No Variations]"
Add component (AddParameter): Name = "Category"; Value = "Cap"; VariantName = "[No Variations]"
Add component (AddParameter): Name = "ComponentLink2Description"; Value = "Datasheet"; VariantName = "[No Variations]"
Add component (AddParameter): Name = "ComponentLink2URL"; Value = "https://content.kemet.com/datasheets/KEM_C1003_C0G_SMD.pdf"; VariantName = "[No Variations]"
Add component (AddParameter): Name = "Device Class L1"; Value = "Passive Components"; VariantName = "[No Variations]"
Add component (AddParameter): Name = "Device Class L2"; Value = "Capacitors"; VariantName = "[No Variations]"
Add component (AddParameter): Name = "Device Class L3"; Value = "Ceramic Capacitors"; VariantName = "[No Variations]"
Add component (AddParameter): Name = "Digikey Description"; Value = "CAP CER 330PF 50V C0G/NP0 0805"; VariantName = "[No Variations]"
Add component (AddParameter): Name = "Height"; Value = "0.88mm"; VariantName = "[No Variations]"
Add component (AddParameter): Name = "Ipc Land Pattern Name"; Value = "CAPC200125X78"; VariantName = "[No Variations]"
Add component (AddParameter): Name = "Lead Free"; Value = "Yes"; VariantName = "[No Variations]"
Add component (AddParameter): Name = "Manufacturer"; Value = "KEMET"; VariantName = "[No Variations]"
Add component (AddParameter): Name = "Manufacturer Part Number"; Value = "C0805C331J5GACTU"; VariantName = "[No Variations]"
Add component (AddParameter): Name = "Material"; Value = "Ceramic"; VariantName = "[No Variations]"
Add component (AddParameter): Name = "Mouser Description"; Value = "Ceramic Capacitor 330Pf 50V, C0G, 5%, 0805, Full Reel"; VariantName = "[No Variations]"
Add component (AddParameter): Name = "Octopart"; Value = "https://octopart.com/c0805c331j5gactu-kemet-85885"; VariantName = "[No Variations]"
Add component (AddParameter): Name = "Package"; Value = "C0805C-DN"; VariantName = "[No Variations]"
Add component (AddParameter): Name = "RoHS"; Value = "TRUE"; VariantName = "[No Variations]"
Add component (AddParameter): Name = "Temperature"; Value = "-55°C to +125°C"; VariantName = "[No Variations]"
Add component (AddParameter): Name = "Temperature Characteristic"; Value = "C0G"; VariantName = "[No Variations]"
Add component (AddParameter): Name = "Temperature Coefficient"; Value = "30ppm/°C"; VariantName = "[No Variations]"
Add component (AddParameter): Name = "Temperature Range High"; Value = "+125°C"; VariantName = "[No Variations]"
Add component (AddParameter): Name = "Temperature Range Low"; Value = "-55°C"; VariantName = "[No Variations]"
Add component (AddParameter): Name = "Tolerance"; Value = "0.05"; VariantName = "[No Variations]"
Add component (AddParameter): Name = "Value"; Value = "330 pF"; VariantName = "[No Variations]"
Add component (AddParameter): Name = "Voltage Rating"; Value = "50 V"; VariantName = "[No Variations]"
Added Component: Designator=C5(FP-C0805C-DN-MFG)
Add component (AddParameter): Name = "Automotive"; Value = "No"; VariantName = "[No Variations]"
Add component (AddParameter): Name = "Capacitance"; Value = "0.10 µF"; VariantName = "[No Variations]"
Add component (AddParameter): Name = "Category"; Value = "Cap"; VariantName = "[No Variations]"
Add component (AddParameter): Name = "ComponentLink2Description"; Value = "Datasheet"; VariantName = "[No Variations]"
Add component (AddParameter): Name = "ComponentLink2URL"; Value = "https://content.kemet.com/datasheets/KEM_C1003_C0G_SMD.pdf"; VariantName = "[No Variations]"
Add component (AddParameter): Name = "Device Class L1"; Value = "Passive Components"; VariantName = "[No Variations]"
Add component (AddParameter): Name = "Device Class L2"; Value = "Capacitors"; VariantName = "[No Variations]"
Add component (AddParameter): Name = "Device Class L3"; Value = "Ceramic Capacitors"; VariantName = "[No Variations]"
Add component (AddParameter): Name = "Digikey Description"; Value = "CAP CER 0.1UF 50V X7R 0805"; VariantName = "[No Variations]"
Add component (AddParameter): Name = "Height"; Value = "0.88mm"; VariantName = "[No Variations]"
Add component (AddParameter): Name = "Ipc Land Pattern Name"; Value = "CAPC200125X78"; VariantName = "[No Variations]"
Add component (AddParameter): Name = "Lead Free"; Value = "Yes"; VariantName = "[No Variations]"
Add component (AddParameter): Name = "Manufacturer"; Value = "KEMET"; VariantName = "[No Variations]"
Add component (AddParameter): Name = "Manufacturer Part Number"; Value = "C0805C104K5RACTU"; VariantName = "[No Variations]"
Add component (AddParameter): Name = "Material"; Value = "Ceramic"; VariantName = "[No Variations]"
Add component (AddParameter): Name = "Mouser Description"; Value = "Cap Ceramic 0.1uF 50V X7R 10% SMD 2.0 x 1.2 mm 125 C Paper T/R"; VariantName = "[No Variations]"
Add component (AddParameter): Name = "Octopart"; Value = "https://octopart.com/c0805c104k5ractu-kemet-143926"; VariantName = "[No Variations]"
Add component (AddParameter): Name = "Package"; Value = "C0805C-DN"; VariantName = "[No Variations]"
Add component (AddParameter): Name = "RoHS"; Value = "TRUE"; VariantName = "[No Variations]"
Add component (AddParameter): Name = "Temperature"; Value = "-55°C to +125°C"; VariantName = "[No Variations]"
Add component (AddParameter): Name = "Temperature Characteristic"; Value = "X7R"; VariantName = "[No Variations]"
Add component (AddParameter): Name = "Temperature Coefficient"; Value = "30ppm/°C"; VariantName = "[No Variations]"
Add component (AddParameter): Name = "Temperature Range High"; Value = "+125°C"; VariantName = "[No Variations]"
Add component (AddParameter): Name = "Temperature Range Low"; Value = "-55°C"; VariantName = "[No Variations]"
Add component (AddParameter): Name = "Tolerance"; Value = "0.1"; VariantName = "[No Variations]"
Add component (AddParameter): Name = "Value"; Value = "0.10 µF"; VariantName = "[No Variations]"
Add component (AddParameter): Name = "Voltage Rating"; Value = "50 V"; VariantName = "[No Variations]"
Added Component: Designator=C6(FP-C0805C-DN-MFG)
Add component (AddParameter): Name = "Automotive"; Value = "No"; VariantName = "[No Variations]"
Add component (AddParameter): Name = "Capacitance"; Value = "0.10 µF"; VariantName = "[No Variations]"
Add component (AddParameter): Name = "Category"; Value = "Cap"; VariantName = "[No Variations]"
Add component (AddParameter): Name = "ComponentLink2Description"; Value = "Datasheet"; VariantName = "[No Variations]"
Add component (AddParameter): Name = "ComponentLink2URL"; Value = "https://content.kemet.com/datasheets/KEM_C1003_C0G_SMD.pdf"; VariantName = "[No Variations]"
Add component (AddParameter): Name = "Device Class L1"; Value = "Passive Components"; VariantName = "[No Variations]"
Add component (AddParameter): Name = "Device Class L2"; Value = "Capacitors"; VariantName = "[No Variations]"
Add component (AddParameter): Name = "Device Class L3"; Value = "Ceramic Capacitors"; VariantName = "[No Variations]"
Add component (AddParameter): Name = "Digikey Description"; Value = "CAP CER 0.1UF 50V X7R 0805"; VariantName = "[No Variations]"
Add component (AddParameter): Name = "Height"; Value = "0.88mm"; VariantName = "[No Variations]"
Add component (AddParameter): Name = "Ipc Land Pattern Name"; Value = "CAPC200125X78"; VariantName = "[No Variations]"
Add component (AddParameter): Name = "Lead Free"; Value = "Yes"; VariantName = "[No Variations]"
Add component (AddParameter): Name = "Manufacturer"; Value = "KEMET"; VariantName = "[No Variations]"
Add component (AddParameter): Name = "Manufacturer Part Number"; Value = "C0805C104K5RACTU"; VariantName = "[No Variations]"
Add component (AddParameter): Name = "Material"; Value = "Ceramic"; VariantName = "[No Variations]"
Add component (AddParameter): Name = "Mouser Description"; Value = "Cap Ceramic 0.1uF 50V X7R 10% SMD 2.0 x 1.2 mm 125 C Paper T/R"; VariantName = "[No Variations]"
Add component (AddParameter): Name = "Octopart"; Value = "https://octopart.com/c0805c104k5ractu-kemet-143926"; VariantName = "[No Variations]"
Add component (AddParameter): Name = "Package"; Value = "C0805C-DN"; VariantName = "[No Variations]"
Add component (AddParameter): Name = "RoHS"; Value = "TRUE"; VariantName = "[No Variations]"
Add component (AddParameter): Name = "Temperature"; Value = "-55°C to +125°C"; VariantName = "[No Variations]"
Add component (AddParameter): Name = "Temperature Characteristic"; Value = "X7R"; VariantName = "[No Variations]"
Add component (AddParameter): Name = "Temperature Coefficient"; Value = "30ppm/°C"; VariantName = "[No Variations]"
Add component (AddParameter): Name = "Temperature Range High"; Value = "+125°C"; VariantName = "[No Variations]"
Add component (AddParameter): Name = "Temperature Range Low"; Value = "-55°C"; VariantName = "[No Variations]"
Add component (AddParameter): Name = "Tolerance"; Value = "0.1"; VariantName = "[No Variations]"
Add component (AddParameter): Name = "Value"; Value = "0.10 µF"; VariantName = "[No Variations]"
Add component (AddParameter): Name = "Voltage Rating"; Value = "50 V"; VariantName = "[No Variations]"
Added Component: Designator=C7(FP-C0805C-DN-MFG)
Add component (AddParameter): Name = "Automotive"; Value = "No"; VariantName = "[No Variations]"
Add component (AddParameter): Name = "Capacitance"; Value = "0.10 µF"; VariantName = "[No Variations]"
Add component (AddParameter): Name = "Category"; Value = "Cap"; VariantName = "[No Variations]"
Add component (AddParameter): Name = "ComponentLink2Description"; Value = "Datasheet"; VariantName = "[No Variations]"
Add component (AddParameter): Name = "ComponentLink2URL"; Value = "https://content.kemet.com/datasheets/KEM_C1003_C0G_SMD.pdf"; VariantName = "[No Variations]"
Add component (AddParameter): Name = "Device Class L1"; Value = "Passive Components"; VariantName = "[No Variations]"
Add component (AddParameter): Name = "Device Class L2"; Value = "Capacitors"; VariantName = "[No Variations]"
Add component (AddParameter): Name = "Device Class L3"; Value = "Ceramic Capacitors"; VariantName = "[No Variations]"
Add component (AddParameter): Name = "Digikey Description"; Value = "CAP CER 0.1UF 50V X7R 0805"; VariantName = "[No Variations]"
Add component (AddParameter): Name = "Height"; Value = "0.88mm"; VariantName = "[No Variations]"
Add component (AddParameter): Name = "Ipc Land Pattern Name"; Value = "CAPC200125X78"; VariantName = "[No Variations]"
Add component (AddParameter): Name = "Lead Free"; Value = "Yes"; VariantName = "[No Variations]"
Add component (AddParameter): Name = "Manufacturer"; Value = "KEMET"; VariantName = "[No Variations]"
Add component (AddParameter): Name = "Manufacturer Part Number"; Value = "C0805C104K5RACTU"; VariantName = "[No Variations]"
Add component (AddParameter): Name = "Material"; Value = "Ceramic"; VariantName = "[No Variations]"
Add component (AddParameter): Name = "Mouser Description"; Value = "Cap Ceramic 0.1uF 50V X7R 10% SMD 2.0 x 1.2 mm 125 C Paper T/R"; VariantName = "[No Variations]"
Add component (AddParameter): Name = "Octopart"; Value = "https://octopart.com/c0805c104k5ractu-kemet-143926"; VariantName = "[No Variations]"
Add component (AddParameter): Name = "Package"; Value = "C0805C-DN"; VariantName = "[No Variations]"
Add component (AddParameter): Name = "RoHS"; Value = "TRUE"; VariantName = "[No Variations]"
Add component (AddParameter): Name = "Temperature"; Value = "-55°C to +125°C"; VariantName = "[No Variations]"
Add component (AddParameter): Name = "Temperature Characteristic"; Value = "X7R"; VariantName = "[No Variations]"
Add component (AddParameter): Name = "Temperature Coefficient"; Value = "30ppm/°C"; VariantName = "[No Variations]"
Add component (AddParameter): Name = "Temperature Range High"; Value = "+125°C"; VariantName = "[No Variations]"
Add component (AddParameter): Name = "Temperature Range Low"; Value = "-55°C"; VariantName = "[No Variations]"
Add component (AddParameter): Name = "Tolerance"; Value = "0.1"; VariantName = "[No Variations]"
Add component (AddParameter): Name = "Value"; Value = "0.10 µF"; VariantName = "[No Variations]"
Add component (AddParameter): Name = "Voltage Rating"; Value = "50 V"; VariantName = "[No Variations]"
Added Component: Designator=J1(FP-200485-0540-MFG)
Added Component: Designator=J2(FP-200485-0540-MFG)
Added Component: Designator=J3(FP-5600200620-MFG)
Add component (AddParameter): Name = "Automotive"; Value = "No"; VariantName = "[No Variations]"
Add component (AddParameter): Name = "Category"; Value = "Conn"; VariantName = "[No Variations]"
Add component (AddParameter): Name = "ComponentLink2Description"; Value = "Datasheet"; VariantName = "[No Variations]"
Add component (AddParameter): Name = "ComponentLink2URL"; Value = "https://www.molex.com/webdocs/datasheets/pdf/en-us/5600200320_PCB_HEADERS.pdf"; VariantName = "[No Variations]"
Add component (AddParameter): Name = "Conn Gender"; Value = "Male"; VariantName = "[No Variations]"
Add component (AddParameter): Name = "Conn Orientation"; Value = "Vertical"; VariantName = "[No Variations]"
Add component (AddParameter): Name = "Contact Material"; Value = "Tin,Nickel"; VariantName = "[No Variations]"
Add component (AddParameter): Name = "Current Rating"; Value = "3A"; VariantName = "[No Variations]"
Add component (AddParameter): Name = "Device Class L1"; Value = "Connectors"; VariantName = "[No Variations]"
Add component (AddParameter): Name = "Device Class L2"; Value = "Headers and Wire Housings"; VariantName = "[No Variations]"
Add component (AddParameter): Name = "Device Class L3"; Value = "unset"; VariantName = "[No Variations]"
Add component (AddParameter): Name = "Digikey Description"; Value = "CONN HEADER SMD 6POS 2MM"; VariantName = "[No Variations]"
Add component (AddParameter): Name = "Footprint Url"; Value = "https://www.molex.com/pdm_docs/sd/5600200320_sd.pdf"; VariantName = "[No Variations]"
Add component (AddParameter): Name = "Height"; Value = "8.2mm"; VariantName = "[No Variations]"
Add component (AddParameter): Name = "Lead Free"; Value = "Yes"; VariantName = "[No Variations]"
Add component (AddParameter): Name = "Manufacturer"; Value = "Molex"; VariantName = "[No Variations]"
Add component (AddParameter): Name = "Manufacturer Part Number"; Value = "5600200620"; VariantName = "[No Variations]"
Add component (AddParameter): Name = "Number Of Contacts"; Value = "6"; VariantName = "[No Variations]"
Add component (AddParameter): Name = "Number Of Rows"; Value = "1"; VariantName = "[No Variations]"
Add component (AddParameter): Name = "Octopart"; Value = "https://octopart.com/5600200620-molex-51767481"; VariantName = "[No Variations]"
Add component (AddParameter): Name = "Package"; Value = "5600200620"; VariantName = "[No Variations]"
Add component (AddParameter): Name = "Pitch"; Value = "2mm"; VariantName = "[No Variations]"
Add component (AddParameter): Name = "RoHS"; Value = "TRUE"; VariantName = "[No Variations]"
Add component (AddParameter): Name = "Temperature"; Value = "-40°C to +125°C"; VariantName = "[No Variations]"
Add component (AddParameter): Name = "Temperature Range High"; Value = "+125°C"; VariantName = "[No Variations]"
Add component (AddParameter): Name = "Temperature Range Low"; Value = "-40°C"; VariantName = "[No Variations]"
Add component (AddParameter): Name = "Voltage Rating"; Value = "125V"; VariantName = "[No Variations]"
Added Component: Designator=J4(SAMTEC_TFM-115-02-L-D)
Add component (AddParameter): Name = "Availability"; Value = "Unavailable"; VariantName = "[No Variations]"
Add component (AddParameter): Name = "MF"; Value = "Samtec Inc."; VariantName = "[No Variations]"
Add component (AddParameter): Name = "MP"; Value = "TFM-115-02-L-D"; VariantName = "[No Variations]"
Add component (AddParameter): Name = "Package"; Value = "None"; VariantName = "[No Variations]"
Add component (AddParameter): Name = "Parameter 1"; Value = ""; VariantName = "[No Variations]"
Add component (AddParameter): Name = "Parameter 2"; Value = ""; VariantName = "[No Variations]"
Add component (AddParameter): Name = "Price"; Value = "None"; VariantName = "[No Variations]"
Add component (AddParameter): Name = "System"; Value = "Connector"; VariantName = "[No Variations]"
Added Component: Designator=J5(SAMTEC_TFM-115-02-L-D)
Add component (AddParameter): Name = "Availability"; Value = "Unavailable"; VariantName = "[No Variations]"
Add component (AddParameter): Name = "MF"; Value = "Samtec Inc."; VariantName = "[No Variations]"
Add component (AddParameter): Name = "MP"; Value = "TFM-115-02-L-D"; VariantName = "[No Variations]"
Add component (AddParameter): Name = "Package"; Value = "None"; VariantName = "[No Variations]"
Add component (AddParameter): Name = "Parameter 1"; Value = ""; VariantName = "[No Variations]"
Add component (AddParameter): Name = "Parameter 2"; Value = ""; VariantName = "[No Variations]"
Add component (AddParameter): Name = "Price"; Value = "None"; VariantName = "[No Variations]"
Add component (AddParameter): Name = "System"; Value = "Connector"; VariantName = "[No Variations]"
Added Component: Designator=P1(61300311021)
Add component (AddParameter): Name = "Contact Resistance"; Value = "20mOhm"; VariantName = "[No Variations]"
Add component (AddParameter): Name = "Datasheet URL"; Value = "https://katalog.we-online.de/em/datasheet/6130xx11021.pdf"; VariantName = "[No Variations]"
Add component (AddParameter): Name = "Gender"; Value = "Male"; VariantName = "[No Variations]"
Add component (AddParameter): Name = "Manufacturer"; Value = "Wurth Elektronik"; VariantName = "[No Variations]"
Add component (AddParameter): Name = "Manufacturer URL"; Value = "http://www.we-online.de"; VariantName = "[No Variations]"
Add component (AddParameter): Name = "Mounting Technology"; Value = "THT"; VariantName = "[No Variations]"
Add component (AddParameter): Name = "Operating Temperature"; Value = "-40to105degC"; VariantName = "[No Variations]"
Add component (AddParameter): Name = "Orientation"; Value = "Angled"; VariantName = "[No Variations]"
Add component (AddParameter): Name = "Package Reference"; Value = "61300311021"; VariantName = "[No Variations]"
Add component (AddParameter): Name = "Packaging"; Value = "Bag"; VariantName = "[No Variations]"
Add component (AddParameter): Name = "Part Number"; Value = "61300311021"; VariantName = "[No Variations]"
Add component (AddParameter): Name = "Pin Number"; Value = "3"; VariantName = "[No Variations]"
Add component (AddParameter): Name = "Pitch"; Value = "2.54mm"; VariantName = "[No Variations]"
Add component (AddParameter): Name = "Publisher"; Value = "WurthElektronik"; VariantName = "[No Variations]"
Add component (AddParameter): Name = "Rated Current"; Value = "3A"; VariantName = "[No Variations]"
Add component (AddParameter): Name = "Row Number"; Value = "Single"; VariantName = "[No Variations]"
Add component (AddParameter): Name = "Withstanding Voltage"; Value = "500VAC"; VariantName = "[No Variations]"
Add component (AddParameter): Name = "Working Voltage"; Value = "250VAC"; VariantName = "[No Variations]"
Added Component: Designator=P2(61300211021)
Add component (AddParameter): Name = "Contact Resistance"; Value = "20mOhm"; VariantName = "[No Variations]"
Add component (AddParameter): Name = "Datasheet URL"; Value = "https://katalog.we-online.de/em/datasheet/6130xx11021.pdf"; VariantName = "[No Variations]"
Add component (AddParameter): Name = "Gender"; Value = "Male"; VariantName = "[No Variations]"
Add component (AddParameter): Name = "Manufacturer"; Value = "Wurth Elektronik"; VariantName = "[No Variations]"
Add component (AddParameter): Name = "Manufacturer URL"; Value = "http://www.we-online.de"; VariantName = "[No Variations]"
Add component (AddParameter): Name = "Mounting Technology"; Value = "THT"; VariantName = "[No Variations]"
Add component (AddParameter): Name = "Operating Temperature"; Value = "-40to105degC"; VariantName = "[No Variations]"
Add component (AddParameter): Name = "Orientation"; Value = "Angled"; VariantName = "[No Variations]"
Add component (AddParameter): Name = "Package Reference"; Value = "61300211021"; VariantName = "[No Variations]"
Add component (AddParameter): Name = "Packaging"; Value = "Bag"; VariantName = "[No Variations]"
Add component (AddParameter): Name = "Part Number"; Value = "61300211021"; VariantName = "[No Variations]"
Add component (AddParameter): Name = "Pin Number"; Value = "2"; VariantName = "[No Variations]"
Add component (AddParameter): Name = "Pitch"; Value = "2.54mm"; VariantName = "[No Variations]"
Add component (AddParameter): Name = "Publisher"; Value = "WurthElektronik"; VariantName = "[No Variations]"
Add component (AddParameter): Name = "Rated Current"; Value = "3A"; VariantName = "[No Variations]"
Add component (AddParameter): Name = "Row Number"; Value = "Single"; VariantName = "[No Variations]"
Add component (AddParameter): Name = "Withstanding Voltage"; Value = "500VAC"; VariantName = "[No Variations]"
Add component (AddParameter): Name = "Working Voltage"; Value = "250VAC"; VariantName = "[No Variations]"
Added Component: Designator=P3(61300211021)
Add component (AddParameter): Name = "Contact Resistance"; Value = "20mOhm"; VariantName = "[No Variations]"
Add component (AddParameter): Name = "Datasheet URL"; Value = "https://katalog.we-online.de/em/datasheet/6130xx11021.pdf"; VariantName = "[No Variations]"
Add component (AddParameter): Name = "Gender"; Value = "Male"; VariantName = "[No Variations]"
Add component (AddParameter): Name = "Manufacturer"; Value = "Wurth Elektronik"; VariantName = "[No Variations]"
Add component (AddParameter): Name = "Manufacturer URL"; Value = "http://www.we-online.de"; VariantName = "[No Variations]"
Add component (AddParameter): Name = "Mounting Technology"; Value = "THT"; VariantName = "[No Variations]"
Add component (AddParameter): Name = "Operating Temperature"; Value = "-40to105degC"; VariantName = "[No Variations]"
Add component (AddParameter): Name = "Orientation"; Value = "Angled"; VariantName = "[No Variations]"
Add component (AddParameter): Name = "Package Reference"; Value = "61300211021"; VariantName = "[No Variations]"
Add component (AddParameter): Name = "Packaging"; Value = "Bag"; VariantName = "[No Variations]"
Add component (AddParameter): Name = "Part Number"; Value = "61300211021"; VariantName = "[No Variations]"
Add component (AddParameter): Name = "Pin Number"; Value = "2"; VariantName = "[No Variations]"
Add component (AddParameter): Name = "Pitch"; Value = "2.54mm"; VariantName = "[No Variations]"
Add component (AddParameter): Name = "Publisher"; Value = "WurthElektronik"; VariantName = "[No Variations]"
Add component (AddParameter): Name = "Rated Current"; Value = "3A"; VariantName = "[No Variations]"
Add component (AddParameter): Name = "Row Number"; Value = "Single"; VariantName = "[No Variations]"
Add component (AddParameter): Name = "Withstanding Voltage"; Value = "500VAC"; VariantName = "[No Variations]"
Add component (AddParameter): Name = "Working Voltage"; Value = "250VAC"; VariantName = "[No Variations]"
Added Component: Designator=R1(RESC2013X50X30LL20T20)
Add component (AddParameter): Name = "Manufacturer"; Value = "Vishay Dale"; VariantName = "[No Variations]"
Add component (AddParameter): Name = "Part Number"; Value = "CRCW0805100RFKEA"; VariantName = "[No Variations]"
Added Component: Designator=R2(RESC2013X55X40LL15T20)
Add component (AddParameter): Name = "Manufacturer"; Value = "Vishay Dale"; VariantName = "[No Variations]"
Add component (AddParameter): Name = "Part Number"; Value = "TNPW08051K00BEEN"; VariantName = "[No Variations]"
Added Component: Designator=S1(SSSS212400)
Add component (AddParameter): Name = "Arrow Part Number"; Value = ""; VariantName = "[No Variations]"
Add component (AddParameter): Name = "Arrow Price/Stock"; Value = ""; VariantName = "[No Variations]"
Add component (AddParameter): Name = "Datasheet Link"; Value = "https://www.alps.com/prod/info/E/HTML/Switch/Slide/SSSS2/SSSS224100.html"; VariantName = "[No Variations]"
Add component (AddParameter): Name = "Height"; Value = "3.5mm"; VariantName = "[No Variations]"
Add component (AddParameter): Name = "Manufacturer_Name"; Value = "ALPS Electric"; VariantName = "[No Variations]"
Add component (AddParameter): Name = "Manufacturer_Part_Number"; Value = "SSSS212400"; VariantName = "[No Variations]"
Add component (AddParameter): Name = "Mouser Part Number"; Value = "688-SSSS212400"; VariantName = "[No Variations]"
Add component (AddParameter): Name = "Mouser Price/Stock"; Value = "https://www.mouser.com/Search/Refine.aspx?Keyword=688-SSSS212400"; VariantName = "[No Variations]"
Add component (AddParameter): Name = "Mouser Testing Part Number"; Value = ""; VariantName = "[No Variations]"
Add component (AddParameter): Name = "Mouser Testing Price/Stock"; Value = ""; VariantName = "[No Variations]"
Added Component: Designator=U1(ADI-SU-48_N)
Add component (AddParameter): Name = "Bandwidth (Hz)"; Value = "18M"; VariantName = "[No Variations]"
Add component (AddParameter): Name = "Code_JEDEC"; Value = "MS-026ABC"; VariantName = "[No Variations]"
Add component (AddParameter): Name = "ComponentLink1Description"; Value = "Manufacturer URL"; VariantName = "[No Variations]"
Add component (AddParameter): Name = "ComponentLink1URL"; Value = "http://www.analog.com/en/index.html"; VariantName = "[No Variations]"
Add component (AddParameter): Name = "ComponentLink2Description"; Value = "Datasheet"; VariantName = "[No Variations]"
Add component (AddParameter): Name = "ComponentLink2URL"; Value = "http://www.analog.com/static/imported-files/data_sheets/ADG726_732.pdf"; VariantName = "[No Variations]"
Add component (AddParameter): Name = "ComponentLink3Description"; Value = "Package Specification"; VariantName = "[No Variations]"
Add component (AddParameter): Name = "ComponentLink3URL"; Value = "http://www.analog.com/static/imported-files/packages/470644706845302410119987SU48_7x7.pdf"; VariantName = "[No Variations]"
Add component (AddParameter): Name = "DatasheetVersion"; Value = "Rev. 0"; VariantName = "[No Variations]"
Add component (AddParameter): Name = "Manufacturer"; Value = "Analog Devices"; VariantName = "[No Variations]"
Add component (AddParameter): Name = "Max Analog Signal Range"; Value = "Vss to Vdd"; VariantName = "[No Variations]"
Add component (AddParameter): Name = "Mounting Technology"; Value = "Surface Mount"; VariantName = "[No Variations]"
Add component (AddParameter): Name = "PackageDescription"; Value = "48-Pin Thin Plastic Quad Flat Package, Body 7 x 7 mm, Pitch 0.5 mm"; VariantName = "[No Variations]"
Add component (AddParameter): Name = "PackageReference"; Value = "SU-48"; VariantName = "[No Variations]"
Add component (AddParameter): Name = "Packing"; Value = "Reel"; VariantName = "[No Variations]"
Add component (AddParameter): Name = "PartNumber"; Value = "ADG732BSUZ-REEL"; VariantName = "[No Variations]"
Add component (AddParameter): Name = "Ron (ohms)"; Value = "4"; VariantName = "[No Variations]"
Add component (AddParameter): Name = "Supply V Guar Performance"; Value = "Dual_(+/-2.5V), Single_(+3V), Single_(+5V)"; VariantName = "[No Variations]"
Add component (AddParameter): Name = "t transition (s)"; Value = "23n"; VariantName = "[No Variations]"
Added Component: Designator=U2(ADI-SU-48_N)
Add component (AddParameter): Name = "Bandwidth (Hz)"; Value = "18M"; VariantName = "[No Variations]"
Add component (AddParameter): Name = "Code_JEDEC"; Value = "MS-026ABC"; VariantName = "[No Variations]"
Add component (AddParameter): Name = "ComponentLink1Description"; Value = "Manufacturer URL"; VariantName = "[No Variations]"
Add component (AddParameter): Name = "ComponentLink1URL"; Value = "http://www.analog.com/en/index.html"; VariantName = "[No Variations]"
Add component (AddParameter): Name = "ComponentLink2Description"; Value = "Datasheet"; VariantName = "[No Variations]"
Add component (AddParameter): Name = "ComponentLink2URL"; Value = "http://www.analog.com/static/imported-files/data_sheets/ADG726_732.pdf"; VariantName = "[No Variations]"
Add component (AddParameter): Name = "ComponentLink3Description"; Value = "Package Specification"; VariantName = "[No Variations]"
Add component (AddParameter): Name = "ComponentLink3URL"; Value = "http://www.analog.com/static/imported-files/packages/470644706845302410119987SU48_7x7.pdf"; VariantName = "[No Variations]"
Add component (AddParameter): Name = "DatasheetVersion"; Value = "Rev. 0"; VariantName = "[No Variations]"
Add component (AddParameter): Name = "Manufacturer"; Value = "Analog Devices"; VariantName = "[No Variations]"
Add component (AddParameter): Name = "Max Analog Signal Range"; Value = "Vss to Vdd"; VariantName = "[No Variations]"
Add component (AddParameter): Name = "Mounting Technology"; Value = "Surface Mount"; VariantName = "[No Variations]"
Add component (AddParameter): Name = "PackageDescription"; Value = "48-Pin Thin Plastic Quad Flat Package, Body 7 x 7 mm, Pitch 0.5 mm"; VariantName = "[No Variations]"
Add component (AddParameter): Name = "PackageReference"; Value = "SU-48"; VariantName = "[No Variations]"
Add component (AddParameter): Name = "Packing"; Value = "Reel"; VariantName = "[No Variations]"
Add component (AddParameter): Name = "PartNumber"; Value = "ADG732BSUZ-REEL"; VariantName = "[No Variations]"
Add component (AddParameter): Name = "Ron (ohms)"; Value = "4"; VariantName = "[No Variations]"
Add component (AddParameter): Name = "Supply V Guar Performance"; Value = "Dual_(+/-2.5V), Single_(+3V), Single_(+5V)"; VariantName = "[No Variations]"
Add component (AddParameter): Name = "t transition (s)"; Value = "23n"; VariantName = "[No Variations]"
Added Component: Designator=U3(FP-D0008A-IPC_B)
Add component (AddParameter): Name = "Max Operating Temperature"; Value = "125°C"; VariantName = "[No Variations]"
Add component (AddParameter): Name = "Min Operating Temperature"; Value = "-40°C"; VariantName = "[No Variations]"
Add component (AddParameter): Name = "Number of Channels"; Value = "2"; VariantName = "[No Variations]"
Add component (AddParameter): Name = "RoHS Compliant"; Value = "Yes"; VariantName = "[No Variations]"
Added Pin To Net: NetName=!ADC_CS Pin=J5-21
Added Net: Name=!ADC_CS
Added Pin To Net: NetName=!BME_CS Pin=J3-6
Added Pin To Net: NetName=!BME_CS Pin=J5-29
Added Net: Name=!BME_CS
Added Pin To Net: NetName=!CHIP_EN Pin=J4-19
Added Pin To Net: NetName=!CHIP_EN Pin=U1-22
Added Pin To Net: NetName=!CHIP_EN Pin=U2-22
Added Net: Name=!CHIP_EN
Added Pin To Net: NetName=!DAC_CS Pin=J5-23
Added Net: Name=!DAC_CS
Added Pin To Net: NetName=!GATE_SHDN Pin=J5-28
Added Net: Name=!GATE_SHDN
Added Pin To Net: NetName=+11V Pin=J4-13
Added Net: Name=+11V
Added Pin To Net: NetName=-11V Pin=J4-14
Added Net: Name=-11V
Added Pin To Net: NetName=1V_REF Pin=J5-05
Added Pin To Net: NetName=1V_REF Pin=U3-3
Added Net: Name=1V_REF
Added Pin To Net: NetName=2V_REF Pin=J5-06
Added Net: Name=2V_REF
Added Pin To Net: NetName=3.3V Pin=C5-2
Added Pin To Net: NetName=3.3V Pin=U3-8
Added Net: Name=3.3V
Added Pin To Net: NetName=3V3 Pin=C6-1
Added Pin To Net: NetName=3V3 Pin=C7-1
Added Pin To Net: NetName=3V3 Pin=J3-1
Added Pin To Net: NetName=3V3 Pin=J5-03
Added Pin To Net: NetName=3V3 Pin=J5-04
Added Pin To Net: NetName=3V3 Pin=U1-13
Added Pin To Net: NetName=3V3 Pin=U1-14
Added Pin To Net: NetName=3V3 Pin=U2-13
Added Pin To Net: NetName=3V3 Pin=U2-14
Added Net: Name=3V3
Added Pin To Net: NetName=5KHZ_POLE Pin=C2-2
Added Pin To Net: NetName=5KHZ_POLE Pin=S1-9
Added Net: Name=5KHZ_POLE
Added Pin To Net: NetName=50KHZ_POLE Pin=C3-2
Added Pin To Net: NetName=50KHZ_POLE Pin=S1-7
Added Net: Name=50KHZ_POLE
Added Pin To Net: NetName=500HZ_POLE Pin=C1-2
Added Pin To Net: NetName=500HZ_POLE Pin=S1-10
Added Net: Name=500HZ_POLE
Added Pin To Net: NetName=500KHZ_POLE Pin=C4-1
Added Pin To Net: NetName=500KHZ_POLE Pin=S1-6
Added Net: Name=500KHZ_POLE
Added Pin To Net: NetName=DRAIN_SEL0 Pin=J4-22
Added Pin To Net: NetName=DRAIN_SEL0 Pin=U1-15
Added Net: Name=DRAIN_SEL0
Added Pin To Net: NetName=DRAIN_SEL1 Pin=J5-17
Added Pin To Net: NetName=DRAIN_SEL1 Pin=U1-16
Added Net: Name=DRAIN_SEL1
Added Pin To Net: NetName=DRAIN_SEL2 Pin=J4-24
Added Pin To Net: NetName=DRAIN_SEL2 Pin=U1-17
Added Net: Name=DRAIN_SEL2
Added Pin To Net: NetName=DRAIN_SEL3 Pin=J5-15
Added Pin To Net: NetName=DRAIN_SEL3 Pin=U1-18
Added Net: Name=DRAIN_SEL3
Added Pin To Net: NetName=DRAIN_SEL4 Pin=J5-18
Added Pin To Net: NetName=DRAIN_SEL4 Pin=U1-19
Added Net: Name=DRAIN_SEL4
Added Pin To Net: NetName=GATE1 Pin=J1-1
Added Pin To Net: NetName=GATE1 Pin=J4-04
Added Pin To Net: NetName=GATE1 Pin=P1-1
Added Net: Name=GATE1
Added Pin To Net: NetName=GATE2 Pin=J1-2
Added Pin To Net: NetName=GATE2 Pin=J4-06
Added Pin To Net: NetName=GATE2 Pin=P1-2
Added Net: Name=GATE2
Added Pin To Net: NetName=GATE3 Pin=J1-3
Added Pin To Net: NetName=GATE3 Pin=J4-03
Added Pin To Net: NetName=GATE3 Pin=P1-3
Added Net: Name=GATE3
Added Pin To Net: NetName=GATE4 Pin=J4-05
Added Net: Name=GATE4
Added Pin To Net: NetName=GATE5 Pin=J4-10
Added Net: Name=GATE5
Added Pin To Net: NetName=GATE6 Pin=J4-09
Added Net: Name=GATE6
Added Pin To Net: NetName=GATE_AMP Pin=J4-21
Added Net: Name=GATE_AMP
Added Pin To Net: NetName=GND Pin=C5-1
Added Pin To Net: NetName=GND Pin=C6-2
Added Pin To Net: NetName=GND Pin=C7-2
Added Pin To Net: NetName=GND Pin=J3-2
Added Pin To Net: NetName=GND Pin=J4-01
Added Pin To Net: NetName=GND Pin=J4-02
Added Pin To Net: NetName=GND Pin=J4-07
Added Pin To Net: NetName=GND Pin=J4-08
Added Pin To Net: NetName=GND Pin=J4-11
Added Pin To Net: NetName=GND Pin=J4-12
Added Pin To Net: NetName=GND Pin=J4-15
Added Pin To Net: NetName=GND Pin=J4-16
Added Pin To Net: NetName=GND Pin=J4-20
Added Pin To Net: NetName=GND Pin=J4-23
Added Pin To Net: NetName=GND Pin=J4-28
Added Pin To Net: NetName=GND Pin=J5-01
Added Pin To Net: NetName=GND Pin=J5-02
Added Pin To Net: NetName=GND Pin=J5-07
Added Pin To Net: NetName=GND Pin=J5-08
Added Pin To Net: NetName=GND Pin=J5-11
Added Pin To Net: NetName=GND Pin=J5-13
Added Pin To Net: NetName=GND Pin=J5-14
Added Pin To Net: NetName=GND Pin=J5-16
Added Pin To Net: NetName=GND Pin=J5-19
Added Pin To Net: NetName=GND Pin=J5-24
Added Pin To Net: NetName=GND Pin=J5-27
Added Pin To Net: NetName=GND Pin=U1-20
Added Pin To Net: NetName=GND Pin=U1-21
Added Pin To Net: NetName=GND Pin=U1-23
Added Pin To Net: NetName=GND Pin=U1-24
Added Pin To Net: NetName=GND Pin=U2-20
Added Pin To Net: NetName=GND Pin=U2-21
Added Pin To Net: NetName=GND Pin=U2-23
Added Pin To Net: NetName=GND Pin=U2-24
Added Pin To Net: NetName=GND Pin=U3-4
Added Net: Name=GND
Added Pin To Net: NetName=GPIO13 Pin=J4-18
Added Net: Name=GPIO13
Added Pin To Net: NetName=HEAT_THERM_BUFF Pin=J4-25
Added Net: Name=HEAT_THERM_BUFF
Added Pin To Net: NetName=IDS1 Pin=J2-4
Added Pin To Net: NetName=IDS1 Pin=P2-1
Added Pin To Net: NetName=IDS1 Pin=U2-12
Added Net: Name=IDS1
Added Pin To Net: NetName=IDS2 Pin=J2-5
Added Pin To Net: NetName=IDS2 Pin=U2-11
Added Net: Name=IDS2
Added Pin To Net: NetName=IDS3 Pin=J2-6
Added Pin To Net: NetName=IDS3 Pin=U2-10
Added Net: Name=IDS3
Added Pin To Net: NetName=IDS4 Pin=J2-7
Added Pin To Net: NetName=IDS4 Pin=U2-9
Added Net: Name=IDS4
Added Pin To Net: NetName=IDS5 Pin=J2-8
Added Pin To Net: NetName=IDS5 Pin=U2-8
Added Net: Name=IDS5
Added Pin To Net: NetName=IDS6 Pin=J2-9
Added Pin To Net: NetName=IDS6 Pin=U2-7
Added Net: Name=IDS6
Added Pin To Net: NetName=IDS7 Pin=J2-10
Added Pin To Net: NetName=IDS7 Pin=U2-6
Added Net: Name=IDS7
Added Pin To Net: NetName=IDS8 Pin=J2-11
Added Pin To Net: NetName=IDS8 Pin=U2-5
Added Net: Name=IDS8
Added Pin To Net: NetName=IDS9 Pin=J2-12
Added Pin To Net: NetName=IDS9 Pin=U2-4
Added Net: Name=IDS9
Added Pin To Net: NetName=IDS10 Pin=J2-13
Added Pin To Net: NetName=IDS10 Pin=U2-3
Added Net: Name=IDS10
Added Pin To Net: NetName=IDS11 Pin=J2-14
Added Pin To Net: NetName=IDS11 Pin=U2-2
Added Net: Name=IDS11
Added Pin To Net: NetName=IDS12 Pin=J2-15
Added Pin To Net: NetName=IDS12 Pin=U2-1
Added Net: Name=IDS12
Added Pin To Net: NetName=IDS13 Pin=J2-16
Added Pin To Net: NetName=IDS13 Pin=U2-48
Added Net: Name=IDS13
Added Pin To Net: NetName=IDS14 Pin=J2-17
Added Pin To Net: NetName=IDS14 Pin=U2-47
Added Net: Name=IDS14
Added Pin To Net: NetName=IDS15 Pin=J2-18
Added Pin To Net: NetName=IDS15 Pin=U2-46
Added Net: Name=IDS15
Added Pin To Net: NetName=IDS16 Pin=J2-19
Added Pin To Net: NetName=IDS16 Pin=U2-45
Added Net: Name=IDS16
Added Pin To Net: NetName=IDS17 Pin=J2-35
Added Pin To Net: NetName=IDS17 Pin=U2-25
Added Net: Name=IDS17
Added Pin To Net: NetName=IDS18 Pin=J2-34
Added Pin To Net: NetName=IDS18 Pin=U2-26
Added Net: Name=IDS18
Added Pin To Net: NetName=IDS19 Pin=J2-33
Added Pin To Net: NetName=IDS19 Pin=U2-27
Added Net: Name=IDS19
Added Pin To Net: NetName=IDS20 Pin=J2-32
Added Pin To Net: NetName=IDS20 Pin=U2-28
Added Net: Name=IDS20
Added Pin To Net: NetName=IDS21 Pin=J2-31
Added Pin To Net: NetName=IDS21 Pin=U2-29
Added Net: Name=IDS21
Added Pin To Net: NetName=IDS22 Pin=J2-30
Added Pin To Net: NetName=IDS22 Pin=U2-30
Added Net: Name=IDS22
Added Pin To Net: NetName=IDS23 Pin=J2-29
Added Pin To Net: NetName=IDS23 Pin=U2-31
Added Net: Name=IDS23
Added Pin To Net: NetName=IDS24 Pin=J2-28
Added Pin To Net: NetName=IDS24 Pin=U2-32
Added Net: Name=IDS24
Added Pin To Net: NetName=IDS25 Pin=J2-27
Added Pin To Net: NetName=IDS25 Pin=U2-33
Added Net: Name=IDS25
Added Pin To Net: NetName=IDS26 Pin=J2-26
Added Pin To Net: NetName=IDS26 Pin=U2-34
Added Net: Name=IDS26
Added Pin To Net: NetName=IDS27 Pin=J2-25
Added Pin To Net: NetName=IDS27 Pin=U2-35
Added Net: Name=IDS27
Added Pin To Net: NetName=IDS28 Pin=J2-24
Added Pin To Net: NetName=IDS28 Pin=U2-36
Added Net: Name=IDS28
Added Pin To Net: NetName=IDS29 Pin=J2-23
Added Pin To Net: NetName=IDS29 Pin=U2-37
Added Net: Name=IDS29
Added Pin To Net: NetName=IDS30 Pin=J2-22
Added Pin To Net: NetName=IDS30 Pin=U2-38
Added Net: Name=IDS30
Added Pin To Net: NetName=IDS31 Pin=J2-21
Added Pin To Net: NetName=IDS31 Pin=U2-39
Added Net: Name=IDS31
Added Pin To Net: NetName=IDS32 Pin=J2-20
Added Pin To Net: NetName=IDS32 Pin=P2-2
Added Pin To Net: NetName=IDS32 Pin=U2-40
Added Net: Name=IDS32
Added Pin To Net: NetName=IDS Pin=C1-1
Added Pin To Net: NetName=IDS Pin=C2-1
Added Pin To Net: NetName=IDS Pin=C3-1
Added Pin To Net: NetName=IDS Pin=C4-2
Added Pin To Net: NetName=IDS Pin=R2-1
Added Pin To Net: NetName=IDS Pin=U2-43
Added Pin To Net: NetName=IDS Pin=U3-2
Added Net: Name=IDS
Added Pin To Net: NetName=LOW_BATT Pin=J4-29
Added Net: Name=LOW_BATT
Added Pin To Net: NetName=MISO Pin=J5-22
Added Pin To Net: NetName=MISO Pin=R1-2
Added Net: Name=MISO
Added Pin To Net: NetName=MOSI Pin=J3-5
Added Pin To Net: NetName=MOSI Pin=J5-30
Added Net: Name=MOSI
Added Pin To Net: NetName=NetJ3_4 Pin=J3-4
Added Pin To Net: NetName=NetJ3_4 Pin=R1-1
Added Net: Name=NetJ3_4
Added Pin To Net: NetName=SCAN Pin=J4-27
Added Net: Name=SCAN
Added Pin To Net: NetName=SCK Pin=J3-3
Added Pin To Net: NetName=SCK Pin=J5-20
Added Net: Name=SCK
Added Pin To Net: NetName=SOURCE_SEL0 Pin=J5-26
Added Pin To Net: NetName=SOURCE_SEL0 Pin=U2-15
Added Net: Name=SOURCE_SEL0
Added Pin To Net: NetName=SOURCE_SEL1 Pin=J5-25
Added Pin To Net: NetName=SOURCE_SEL1 Pin=U2-16
Added Net: Name=SOURCE_SEL1
Added Pin To Net: NetName=SOURCE_SEL2 Pin=J4-17
Added Pin To Net: NetName=SOURCE_SEL2 Pin=U2-17
Added Net: Name=SOURCE_SEL2
Added Pin To Net: NetName=SOURCE_SEL3 Pin=J4-30
Added Pin To Net: NetName=SOURCE_SEL3 Pin=U2-18
Added Net: Name=SOURCE_SEL3
Added Pin To Net: NetName=SOURCE_SEL4 Pin=J4-26
Added Pin To Net: NetName=SOURCE_SEL4 Pin=U2-19
Added Net: Name=SOURCE_SEL4
Added Pin To Net: NetName=VDS1 Pin=J1-4
Added Pin To Net: NetName=VDS1 Pin=P3-1
Added Pin To Net: NetName=VDS1 Pin=U1-12
Added Net: Name=VDS1
Added Pin To Net: NetName=VDS2 Pin=J1-5
Added Pin To Net: NetName=VDS2 Pin=U1-11
Added Net: Name=VDS2
Added Pin To Net: NetName=VDS3 Pin=J1-6
Added Pin To Net: NetName=VDS3 Pin=U1-10
Added Net: Name=VDS3
Added Pin To Net: NetName=VDS4 Pin=J1-7
Added Pin To Net: NetName=VDS4 Pin=U1-9
Added Net: Name=VDS4
Added Pin To Net: NetName=VDS5 Pin=J1-8
Added Pin To Net: NetName=VDS5 Pin=U1-8
Added Net: Name=VDS5
Added Pin To Net: NetName=VDS6 Pin=J1-9
Added Pin To Net: NetName=VDS6 Pin=U1-7
Added Net: Name=VDS6
Added Pin To Net: NetName=VDS7 Pin=J1-10
Added Pin To Net: NetName=VDS7 Pin=U1-6
Added Net: Name=VDS7
Added Pin To Net: NetName=VDS8 Pin=J1-11
Added Pin To Net: NetName=VDS8 Pin=U1-5
Added Net: Name=VDS8
Added Pin To Net: NetName=VDS9 Pin=J1-12
Added Pin To Net: NetName=VDS9 Pin=U1-4
Added Net: Name=VDS9
Added Pin To Net: NetName=VDS10 Pin=J1-13
Added Pin To Net: NetName=VDS10 Pin=U1-3
Added Net: Name=VDS10
Added Pin To Net: NetName=VDS11 Pin=J1-14
Added Pin To Net: NetName=VDS11 Pin=U1-2
Added Net: Name=VDS11
Added Pin To Net: NetName=VDS12 Pin=J1-15
Added Pin To Net: NetName=VDS12 Pin=U1-1
Added Net: Name=VDS12
Added Pin To Net: NetName=VDS13 Pin=J1-16
Added Pin To Net: NetName=VDS13 Pin=U1-48
Added Net: Name=VDS13
Added Pin To Net: NetName=VDS14 Pin=J1-17
Added Pin To Net: NetName=VDS14 Pin=U1-47
Added Net: Name=VDS14
Added Pin To Net: NetName=VDS15 Pin=J1-18
Added Pin To Net: NetName=VDS15 Pin=U1-46
Added Net: Name=VDS15
Added Pin To Net: NetName=VDS16 Pin=J1-19
Added Pin To Net: NetName=VDS16 Pin=U1-45
Added Net: Name=VDS16
Added Pin To Net: NetName=VDS17 Pin=J1-35
Added Pin To Net: NetName=VDS17 Pin=U1-25
Added Net: Name=VDS17
Added Pin To Net: NetName=VDS18 Pin=J1-34
Added Pin To Net: NetName=VDS18 Pin=U1-26
Added Net: Name=VDS18
Added Pin To Net: NetName=VDS19 Pin=J1-33
Added Pin To Net: NetName=VDS19 Pin=U1-27
Added Net: Name=VDS19
Added Pin To Net: NetName=VDS20 Pin=J1-32
Added Pin To Net: NetName=VDS20 Pin=U1-28
Added Net: Name=VDS20
Added Pin To Net: NetName=VDS21 Pin=J1-31
Added Pin To Net: NetName=VDS21 Pin=U1-29
Added Net: Name=VDS21
Added Pin To Net: NetName=VDS22 Pin=J1-30
Added Pin To Net: NetName=VDS22 Pin=U1-30
Added Net: Name=VDS22
Added Pin To Net: NetName=VDS23 Pin=J1-29
Added Pin To Net: NetName=VDS23 Pin=U1-31
Added Net: Name=VDS23
Added Pin To Net: NetName=VDS24 Pin=J1-28
Added Pin To Net: NetName=VDS24 Pin=U1-32
Added Net: Name=VDS24
Added Pin To Net: NetName=VDS25 Pin=J1-27
Added Pin To Net: NetName=VDS25 Pin=U1-33
Added Net: Name=VDS25
Added Pin To Net: NetName=VDS26 Pin=J1-26
Added Pin To Net: NetName=VDS26 Pin=U1-34
Added Net: Name=VDS26
Added Pin To Net: NetName=VDS27 Pin=J1-25
Added Pin To Net: NetName=VDS27 Pin=U1-35
Added Net: Name=VDS27
Added Pin To Net: NetName=VDS28 Pin=J1-24
Added Pin To Net: NetName=VDS28 Pin=U1-36
Added Net: Name=VDS28
Added Pin To Net: NetName=VDS29 Pin=J1-23
Added Pin To Net: NetName=VDS29 Pin=U1-37
Added Net: Name=VDS29
Added Pin To Net: NetName=VDS30 Pin=J1-22
Added Pin To Net: NetName=VDS30 Pin=U1-38
Added Net: Name=VDS30
Added Pin To Net: NetName=VDS31 Pin=J1-21
Added Pin To Net: NetName=VDS31 Pin=U1-39
Added Net: Name=VDS31
Added Pin To Net: NetName=VDS32 Pin=J1-20
Added Pin To Net: NetName=VDS32 Pin=P3-2
Added Pin To Net: NetName=VDS32 Pin=U1-40
Added Net: Name=VDS32
Added Pin To Net: NetName=VDS_BUFF Pin=J5-09
Added Pin To Net: NetName=VDS_BUFF Pin=U1-43
Added Pin To Net: NetName=VDS_BUFF Pin=U3-6
Added Pin To Net: NetName=VDS_BUFF Pin=U3-7
Added Net: Name=VDS_BUFF
Added Pin To Net: NetName=VDS_RAW Pin=J5-10
Added Pin To Net: NetName=VDS_RAW Pin=U3-5
Added Net: Name=VDS_RAW
Added Pin To Net: NetName=VMEAS Pin=J5-12
Added Pin To Net: NetName=VMEAS Pin=R2-2
Added Pin To Net: NetName=VMEAS Pin=S1-8
Added Pin To Net: NetName=VMEAS Pin=U3-1
Added Net: Name=VMEAS
Added Class: Name=Sheet1
