Added Pin To Net: NetName=IDS Pin=C1-1
Added Pin To Net: NetName=500HZ_POLE Pin=C1-2
Added Pin To Net: NetName=IDS Pin=C2-1
Added Pin To Net: NetName=5KHZ_POLE Pin=C2-2
Added Pin To Net: NetName=IDS Pin=C3-1
Added Pin To Net: NetName=50KHZ_POLE Pin=C3-2
Added Pin To Net: NetName=500KHZ_POLE Pin=C4-1
Added Pin To Net: NetName=IDS Pin=C4-2
Added Pin To Net: NetName=GND Pin=C5-1
Added Pin To Net: NetName=3.3V Pin=C5-2
Added Pin To Net: NetName=3V3 Pin=C6-1
Added Pin To Net: NetName=GND Pin=C6-2
Added Pin To Net: NetName=3V3 Pin=C7-1
Added Pin To Net: NetName=GND Pin=C7-2
Added Pin To Net: NetName=GATE1 Pin=J1-1
Added Pin To Net: NetName=GATE2 Pin=J1-2
Added Pin To Net: NetName=GATE3 Pin=J1-3
Added Pin To Net: NetName=VDS1 Pin=J1-4
Added Pin To Net: NetName=VDS2 Pin=J1-5
Added Pin To Net: NetName=VDS3 Pin=J1-6
Added Pin To Net: NetName=VDS4 Pin=J1-7
Added Pin To Net: NetName=VDS5 Pin=J1-8
Added Pin To Net: NetName=VDS6 Pin=J1-9
Added Pin To Net: NetName=VDS7 Pin=J1-10
Added Pin To Net: NetName=VDS8 Pin=J1-11
Added Pin To Net: NetName=VDS9 Pin=J1-12
Added Pin To Net: NetName=VDS10 Pin=J1-13
Added Pin To Net: NetName=VDS11 Pin=J1-14
Added Pin To Net: NetName=VDS12 Pin=J1-15
Added Pin To Net: NetName=VDS13 Pin=J1-16
Added Pin To Net: NetName=VDS14 Pin=J1-17
Added Pin To Net: NetName=VDS15 Pin=J1-18
Added Pin To Net: NetName=VDS16 Pin=J1-19
Added Pin To Net: NetName=VDS32 Pin=J1-20
Added Pin To Net: NetName=VDS31 Pin=J1-21
Added Pin To Net: NetName=VDS30 Pin=J1-22
Added Pin To Net: NetName=VDS29 Pin=J1-23
Added Pin To Net: NetName=VDS28 Pin=J1-24
Added Pin To Net: NetName=VDS27 Pin=J1-25
Added Pin To Net: NetName=VDS26 Pin=J1-26
Added Pin To Net: NetName=VDS25 Pin=J1-27
Added Pin To Net: NetName=VDS24 Pin=J1-28
Added Pin To Net: NetName=VDS23 Pin=J1-29
Added Pin To Net: NetName=VDS22 Pin=J1-30
Added Pin To Net: NetName=VDS21 Pin=J1-31
Added Pin To Net: NetName=VDS20 Pin=J1-32
Added Pin To Net: NetName=VDS19 Pin=J1-33
Added Pin To Net: NetName=VDS18 Pin=J1-34
Added Pin To Net: NetName=VDS17 Pin=J1-35
Added Pin To Net: NetName=IDS1 Pin=J2-4
Added Pin To Net: NetName=IDS2 Pin=J2-5
Added Pin To Net: NetName=IDS3 Pin=J2-6
Added Pin To Net: NetName=IDS4 Pin=J2-7
Added Pin To Net: NetName=IDS5 Pin=J2-8
Added Pin To Net: NetName=IDS6 Pin=J2-9
Added Pin To Net: NetName=IDS7 Pin=J2-10
Added Pin To Net: NetName=IDS8 Pin=J2-11
Added Pin To Net: NetName=IDS9 Pin=J2-12
Added Pin To Net: NetName=IDS10 Pin=J2-13
Added Pin To Net: NetName=IDS11 Pin=J2-14
Added Pin To Net: NetName=IDS12 Pin=J2-15
Added Pin To Net: NetName=IDS13 Pin=J2-16
Added Pin To Net: NetName=IDS14 Pin=J2-17
Added Pin To Net: NetName=IDS15 Pin=J2-18
Added Pin To Net: NetName=IDS16 Pin=J2-19
Added Pin To Net: NetName=IDS32 Pin=J2-20
Added Pin To Net: NetName=IDS31 Pin=J2-21
Added Pin To Net: NetName=IDS30 Pin=J2-22
Added Pin To Net: NetName=IDS29 Pin=J2-23
Added Pin To Net: NetName=IDS28 Pin=J2-24
Added Pin To Net: NetName=IDS27 Pin=J2-25
Added Pin To Net: NetName=IDS26 Pin=J2-26
Added Pin To Net: NetName=IDS25 Pin=J2-27
Added Pin To Net: NetName=IDS24 Pin=J2-28
Added Pin To Net: NetName=IDS23 Pin=J2-29
Added Pin To Net: NetName=IDS22 Pin=J2-30
Added Pin To Net: NetName=IDS21 Pin=J2-31
Added Pin To Net: NetName=IDS20 Pin=J2-32
Added Pin To Net: NetName=IDS19 Pin=J2-33
Added Pin To Net: NetName=IDS18 Pin=J2-34
Added Pin To Net: NetName=IDS17 Pin=J2-35
Added Pin To Net: NetName=3V3 Pin=J3-1
Added Pin To Net: NetName=GND Pin=J3-2
Added Pin To Net: NetName=SCK Pin=J3-3
Added Pin To Net: NetName=NetJ3_4 Pin=J3-4
Added Pin To Net: NetName=MOSI Pin=J3-5
Added Pin To Net: NetName=!BME_CS Pin=J3-6
Added Pin To Net: NetName=GND Pin=J4-01
Added Pin To Net: NetName=GND Pin=J4-02
Added Pin To Net: NetName=GATE3 Pin=J4-03
Added Pin To Net: NetName=GATE1 Pin=J4-04
Added Pin To Net: NetName=GATE4 Pin=J4-05
Added Pin To Net: NetName=GATE2 Pin=J4-06
Added Pin To Net: NetName=GND Pin=J4-07
Added Pin To Net: NetName=GND Pin=J4-08
Added Pin To Net: NetName=GATE6 Pin=J4-09
Added Pin To Net: NetName=GATE5 Pin=J4-10
Added Pin To Net: NetName=GND Pin=J4-11
Added Pin To Net: NetName=GND Pin=J4-12
Added Pin To Net: NetName=+11V Pin=J4-13
Added Pin To Net: NetName=-11V Pin=J4-14
Added Pin To Net: NetName=GND Pin=J4-15
Added Pin To Net: NetName=GND Pin=J4-16
Added Pin To Net: NetName=SOURCE_SEL2 Pin=J4-17
Added Pin To Net: NetName=GPIO13 Pin=J4-18
Added Pin To Net: NetName=!CHIP_EN Pin=J4-19
Added Pin To Net: NetName=GND Pin=J4-20
Added Pin To Net: NetName=GATE_AMP Pin=J4-21
Added Pin To Net: NetName=DRAIN_SEL0 Pin=J4-22
Added Pin To Net: NetName=GND Pin=J4-23
Added Pin To Net: NetName=DRAIN_SEL2 Pin=J4-24
Added Pin To Net: NetName=HEAT_THERM_BUFF Pin=J4-25
Added Pin To Net: NetName=SOURCE_SEL4 Pin=J4-26
Added Pin To Net: NetName=SCAN Pin=J4-27
Added Pin To Net: NetName=GND Pin=J4-28
Added Pin To Net: NetName=LOW_BATT Pin=J4-29
Added Pin To Net: NetName=SOURCE_SEL3 Pin=J4-30
Added Pin To Net: NetName=GND Pin=J5-01
Added Pin To Net: NetName=GND Pin=J5-02
Added Pin To Net: NetName=3V3 Pin=J5-03
Added Pin To Net: NetName=3V3 Pin=J5-04
Added Pin To Net: NetName=1V_REF Pin=J5-05
Added Pin To Net: NetName=2V_REF Pin=J5-06
Added Pin To Net: NetName=GND Pin=J5-07
Added Pin To Net: NetName=GND Pin=J5-08
Added Pin To Net: NetName=VDS_BUFF Pin=J5-09
Added Pin To Net: NetName=VDS_RAW Pin=J5-10
Added Pin To Net: NetName=GND Pin=J5-11
Added Pin To Net: NetName=VMEAS Pin=J5-12
Added Pin To Net: NetName=GND Pin=J5-13
Added Pin To Net: NetName=GND Pin=J5-14
Added Pin To Net: NetName=DRAIN_SEL3 Pin=J5-15
Added Pin To Net: NetName=GND Pin=J5-16
Added Pin To Net: NetName=DRAIN_SEL1 Pin=J5-17
Added Pin To Net: NetName=DRAIN_SEL4 Pin=J5-18
Added Pin To Net: NetName=GND Pin=J5-19
Added Pin To Net: NetName=SCK Pin=J5-20
Added Pin To Net: NetName=!ADC_CS Pin=J5-21
Added Pin To Net: NetName=MISO Pin=J5-22
Added Pin To Net: NetName=!DAC_CS Pin=J5-23
Added Pin To Net: NetName=GND Pin=J5-24
Added Pin To Net: NetName=SOURCE_SEL1 Pin=J5-25
Added Pin To Net: NetName=SOURCE_SEL0 Pin=J5-26
Added Pin To Net: NetName=GND Pin=J5-27
Added Pin To Net: NetName=!GATE_SHDN Pin=J5-28
Added Pin To Net: NetName=!BME_CS Pin=J5-29
Added Pin To Net: NetName=MOSI Pin=J5-30
Added Pin To Net: NetName=GATE1 Pin=P1-1
Added Pin To Net: NetName=GATE2 Pin=P1-2
Added Pin To Net: NetName=GATE3 Pin=P1-3
Added Pin To Net: NetName=IDS1 Pin=P2-1
Added Pin To Net: NetName=IDS32 Pin=P2-2
Added Pin To Net: NetName=VDS1 Pin=P3-1
Added Pin To Net: NetName=VDS32 Pin=P3-2
Added Pin To Net: NetName=NetJ3_4 Pin=R1-1
Added Pin To Net: NetName=MISO Pin=R1-2
Added Pin To Net: NetName=IDS Pin=R2-1
Added Pin To Net: NetName=VMEAS Pin=R2-2
Added Pin To Net: NetName=500KHZ_POLE Pin=S1-6
Added Pin To Net: NetName=50KHZ_POLE Pin=S1-7
Added Pin To Net: NetName=VMEAS Pin=S1-8
Added Pin To Net: NetName=5KHZ_POLE Pin=S1-9
Added Pin To Net: NetName=500HZ_POLE Pin=S1-10
Added Pin To Net: NetName=VDS12 Pin=U1-1
Added Pin To Net: NetName=VDS11 Pin=U1-2
Added Pin To Net: NetName=VDS10 Pin=U1-3
Added Pin To Net: NetName=VDS9 Pin=U1-4
Added Pin To Net: NetName=VDS8 Pin=U1-5
Added Pin To Net: NetName=VDS7 Pin=U1-6
Added Pin To Net: NetName=VDS6 Pin=U1-7
Added Pin To Net: NetName=VDS5 Pin=U1-8
Added Pin To Net: NetName=VDS4 Pin=U1-9
Added Pin To Net: NetName=VDS3 Pin=U1-10
Added Pin To Net: NetName=VDS2 Pin=U1-11
Added Pin To Net: NetName=VDS1 Pin=U1-12
Added Pin To Net: NetName=3V3 Pin=U1-13
Added Pin To Net: NetName=3V3 Pin=U1-14
Added Pin To Net: NetName=DRAIN_SEL0 Pin=U1-15
Added Pin To Net: NetName=DRAIN_SEL1 Pin=U1-16
Added Pin To Net: NetName=DRAIN_SEL2 Pin=U1-17
Added Pin To Net: NetName=DRAIN_SEL3 Pin=U1-18
Added Pin To Net: NetName=DRAIN_SEL4 Pin=U1-19
Added Pin To Net: NetName=GND Pin=U1-20
Added Pin To Net: NetName=GND Pin=U1-21
Added Pin To Net: NetName=!CHIP_EN Pin=U1-22
Added Pin To Net: NetName=GND Pin=U1-23
Added Pin To Net: NetName=GND Pin=U1-24
Added Pin To Net: NetName=VDS17 Pin=U1-25
Added Pin To Net: NetName=VDS18 Pin=U1-26
Added Pin To Net: NetName=VDS19 Pin=U1-27
Added Pin To Net: NetName=VDS20 Pin=U1-28
Added Pin To Net: NetName=VDS21 Pin=U1-29
Added Pin To Net: NetName=VDS22 Pin=U1-30
Added Pin To Net: NetName=VDS23 Pin=U1-31
Added Pin To Net: NetName=VDS24 Pin=U1-32
Added Pin To Net: NetName=VDS25 Pin=U1-33
Added Pin To Net: NetName=VDS26 Pin=U1-34
Added Pin To Net: NetName=VDS27 Pin=U1-35
Added Pin To Net: NetName=VDS28 Pin=U1-36
Added Pin To Net: NetName=VDS29 Pin=U1-37
Added Pin To Net: NetName=VDS30 Pin=U1-38
Added Pin To Net: NetName=VDS31 Pin=U1-39
Added Pin To Net: NetName=VDS32 Pin=U1-40
Added Pin To Net: NetName=VDS_BUFF Pin=U1-43
Added Pin To Net: NetName=VDS16 Pin=U1-45
Added Pin To Net: NetName=VDS15 Pin=U1-46
Added Pin To Net: NetName=VDS14 Pin=U1-47
Added Pin To Net: NetName=VDS13 Pin=U1-48
Added Pin To Net: NetName=IDS12 Pin=U2-1
Added Pin To Net: NetName=IDS11 Pin=U2-2
Added Pin To Net: NetName=IDS10 Pin=U2-3
Added Pin To Net: NetName=IDS9 Pin=U2-4
Added Pin To Net: NetName=IDS8 Pin=U2-5
Added Pin To Net: NetName=IDS7 Pin=U2-6
Added Pin To Net: NetName=IDS6 Pin=U2-7
Added Pin To Net: NetName=IDS5 Pin=U2-8
Added Pin To Net: NetName=IDS4 Pin=U2-9
Added Pin To Net: NetName=IDS3 Pin=U2-10
Added Pin To Net: NetName=IDS2 Pin=U2-11
Added Pin To Net: NetName=IDS1 Pin=U2-12
Added Pin To Net: NetName=3V3 Pin=U2-13
Added Pin To Net: NetName=3V3 Pin=U2-14
Added Pin To Net: NetName=SOURCE_SEL0 Pin=U2-15
Added Pin To Net: NetName=SOURCE_SEL1 Pin=U2-16
Added Pin To Net: NetName=SOURCE_SEL2 Pin=U2-17
Added Pin To Net: NetName=SOURCE_SEL3 Pin=U2-18
Added Pin To Net: NetName=SOURCE_SEL4 Pin=U2-19
Added Pin To Net: NetName=GND Pin=U2-20
Added Pin To Net: NetName=GND Pin=U2-21
Added Pin To Net: NetName=!CHIP_EN Pin=U2-22
Added Pin To Net: NetName=GND Pin=U2-23
Added Pin To Net: NetName=GND Pin=U2-24
Added Pin To Net: NetName=IDS17 Pin=U2-25
Added Pin To Net: NetName=IDS18 Pin=U2-26
Added Pin To Net: NetName=IDS19 Pin=U2-27
Added Pin To Net: NetName=IDS20 Pin=U2-28
Added Pin To Net: NetName=IDS21 Pin=U2-29
Added Pin To Net: NetName=IDS22 Pin=U2-30
Added Pin To Net: NetName=IDS23 Pin=U2-31
Added Pin To Net: NetName=IDS24 Pin=U2-32
Added Pin To Net: NetName=IDS25 Pin=U2-33
Added Pin To Net: NetName=IDS26 Pin=U2-34
Added Pin To Net: NetName=IDS27 Pin=U2-35
Added Pin To Net: NetName=IDS28 Pin=U2-36
Added Pin To Net: NetName=IDS29 Pin=U2-37
Added Pin To Net: NetName=IDS30 Pin=U2-38
Added Pin To Net: NetName=IDS31 Pin=U2-39
Added Pin To Net: NetName=IDS32 Pin=U2-40
Added Pin To Net: NetName=IDS Pin=U2-43
Added Pin To Net: NetName=IDS16 Pin=U2-45
Added Pin To Net: NetName=IDS15 Pin=U2-46
Added Pin To Net: NetName=IDS14 Pin=U2-47
Added Pin To Net: NetName=IDS13 Pin=U2-48
Added Pin To Net: NetName=VMEAS Pin=U3-1
Added Pin To Net: NetName=IDS Pin=U3-2
Added Pin To Net: NetName=1V_REF Pin=U3-3
Added Pin To Net: NetName=GND Pin=U3-4
Added Pin To Net: NetName=VDS_RAW Pin=U3-5
Added Pin To Net: NetName=VDS_BUFF Pin=U3-6
Added Pin To Net: NetName=VDS_BUFF Pin=U3-7
Added Pin To Net: NetName=3.3V Pin=U3-8
Added Member To Class: ClassName=Sheet1 Member=Component C1 330nF
Added Member To Class: ClassName=Sheet1 Member=Component C2 33nF
Added Member To Class: ClassName=Sheet1 Member=Component C3 3.3nF
Added Member To Class: ClassName=Sheet1 Member=Component C4 330pF
Added Member To Class: ClassName=Sheet1 Member=Component C5 100 nF
Added Member To Class: ClassName=Sheet1 Member=Component C6 100 nF
Added Member To Class: ClassName=Sheet1 Member=Component C7 100 nF
Added Member To Class: ClassName=Sheet1 Member=Component J1 200485-0540
Added Member To Class: ClassName=Sheet1 Member=Component J2 200485-0540
Added Member To Class: ClassName=Sheet1 Member=Component J3 5600200620
Added Member To Class: ClassName=Sheet1 Member=Component J4 TFM-115-02-L-D
Added Member To Class: ClassName=Sheet1 Member=Component J5 TFM-115-02-L-D
Added Member To Class: ClassName=Sheet1 Member=Component P1 61300311021
Added Member To Class: ClassName=Sheet1 Member=Component P2 61300211021
Added Member To Class: ClassName=Sheet1 Member=Component P3 61300211021
Added Member To Class: ClassName=Sheet1 Member=Component R1 100
Added Member To Class: ClassName=Sheet1 Member=Component R2 1k
Added Member To Class: ClassName=Sheet1 Member=Component S1 SSSS212400
Added Member To Class: ClassName=Sheet1 Member=Component U1 ADG732BSUZ-REEL
Added Member To Class: ClassName=Sheet1 Member=Component U2 ADG732BSUZ-REEL
Added Member To Class: ClassName=Sheet1 Member=Component U3 OPA2388IDR
